[11:55:45] [ServerMain/WARN]: Invalid registry value type detected for PerfOS counters. Should be REG_DWORD. Ignoring: HKEY_LOCAL_MACHINE\SYSTEM\CurrentControlSet\Services\PerfOS\Performance\Disable Performance Counters.
[11:55:47] [ServerMain/INFO]: Building unoptimized datafixer
[11:55:48] [ServerMain/INFO]: Environment: authHost='https://authserver.mojang.com', accountsHost='https://api.mojang.com', sessionHost='https://sessionserver.mojang.com', servicesHost='https://api.minecraftservices.com', name='PROD'
[11:55:50] [ServerMain/INFO]: Loaded 7 recipes
[11:55:51] [ServerMain/INFO]: Loaded 1179 advancements
[11:55:52] [Server thread/INFO]: Starting minecraft server version 1.19.3
[11:55:52] [Server thread/INFO]: Loading properties
[11:55:52] [Server thread/INFO]: Default game type: SURVIVAL
[11:55:52] [Server thread/INFO]: Generating keypair
[11:55:52] [Server thread/INFO]: Starting Minecraft server on *:6969
[11:55:52] [Server thread/INFO]: Using default channel type
[11:55:52] [Server thread/WARN]: **** SERVER IS RUNNING IN OFFLINE/INSECURE MODE!
[11:55:52] [Server thread/WARN]: The server will make no attempt to authenticate usernames. Beware.
[11:55:52] [Server thread/WARN]: While this makes the game possible to play without internet access, it also opens up the ability for hackers to connect with any username they choose.
[11:55:52] [Server thread/WARN]: To change this, set "online-mode" to "true" in the server.properties file.
[11:55:52] [Server thread/INFO]: Preparing level "world"
[11:55:54] [Server thread/INFO]: Preparing start region for dimension minecraft:overworld
[11:55:56] [Worker-Main-2/INFO]: Preparing spawn area: 0%
[11:55:56] [Worker-Main-2/INFO]: Preparing spawn area: 0%
[11:55:56] [Worker-Main-12/INFO]: Preparing spawn area: 0%
[11:55:56] [Worker-Main-10/INFO]: Preparing spawn area: 0%
[11:55:56] [Worker-Main-2/INFO]: Preparing spawn area: 0%
[11:55:56] [Worker-Main-7/INFO]: Preparing spawn area: 0%
[11:55:57] [Worker-Main-10/INFO]: Preparing spawn area: 0%
[11:55:57] [Worker-Main-13/INFO]: Preparing spawn area: 36%
[11:55:58] [Server thread/INFO]: Time elapsed: 4062 ms
[11:55:58] [Server thread/INFO]: Done (5.435s)! For help, type "help"
[12:00:29] [Server thread/INFO]: Pandalf_[/82.76.173.82:34509] logged in with entity id 695 at (-39.2972544968554, 110.5, -80.53877076864752)
[12:00:29] [Server thread/INFO]: Pandalf_ joined the game
[12:40:18] [Server Watchdog/ERROR]: A single server tick took 2.00 seconds (should be max 0.05)
[12:40:18] [Server thread/WARN]: Can't keep up! Is the server overloaded? Running 2016ms or 40 ticks behind
[12:40:18] [Server Watchdog/ERROR]: Considering it to be crashed, server will forcibly shutdown.
[12:40:21] [Server Watchdog/ERROR]: This crash report has been saved to: D:\play\minecraft\pubserv\.\crash-reports\crash-2023-02-25_12.40.21-server.txt
